[96mconsole/blacksmith/Console/Commands/Furnace/ForgeAccountCommand.php[0m:[37m62[0m [31mPhanUndeclaredClassMethod[0m Call to method [93msave[0m from undeclared class [32m\Role\Support\Relations\Illuminate\Database\Eloquent\Model[0m
[96mconsole/blacksmith/Console/Commands/Standalone/AppInstallCommand.php[0m:[37m208[0m [31mPhanUndeclaredClassMethod[0m Call to method [93mwriteln[0m from undeclared class [32m\Blacksmith\Console\Commands\Standalone\Symfony\Component\Console\Output\OutputInterface[0m
[96mconsole/blacksmith/Console/Commands/Standalone/AppInstallCommand.php[0m:[37m224[0m [31mPhanUndeclaredClassMethod[0m Call to method [93mwriteln[0m from undeclared class [32m\Blacksmith\Console\Commands\Standalone\Symfony\Component\Console\Output\OutputInterface[0m
[96mconsole/blacksmith/Console/Commands/Standalone/AppInstallCommand.php[0m:[37m235[0m [31mPhanUndeclaredClassMethod[0m Call to method [93mwriteln[0m from undeclared class [32m\Blacksmith\Console\Commands\Standalone\Symfony\Component\Console\Output\OutputInterface[0m
[96mconsole/blacksmith/Console/Commands/Standalone/AppInstallCommand.php[0m:[37m246[0m [31mPhanUndeclaredClassMethod[0m Call to method [93mwriteln[0m from undeclared class [32m\Blacksmith\Console\Commands\Standalone\Symfony\Component\Console\Output\OutputInterface[0m
[96mconsole/blacksmith/Console/Commands/Standalone/AppInstallCommand.php[0m:[37m257[0m [31mPhanUndeclaredClassMethod[0m Call to method [93mwriteln[0m from undeclared class [32m\Blacksmith\Console\Commands\Standalone\Symfony\Component\Console\Output\OutputInterface[0m
[96mconsole/blacksmith/Console/Commands/Standalone/AppInstallCommand.php[0m:[37m267[0m [31mPhanUndeclaredClassMethod[0m Call to method [93mwriteln[0m from undeclared class [32m\Blacksmith\Console\Commands\Standalone\Symfony\Component\Console\Output\OutputInterface[0m
[96mcore/Application/Application.php[0m:[37m188[0m [31mPhanUndeclaredClassConstant[0m Reference to constant [91mclass[0m from undeclared class [32m\Pluma\Application\Illuminate\Container\Container[0m
[96mcore/Console/Application.php[0m:[37m108[0m [31mPhanUndeclaredStaticMethod[0m Static call to undeclared method [93m\Symfony\Component\Process\ProcessUtils::escapeArgument[0m
[96mcore/Console/Application.php[0m:[37m118[0m [31mPhanUndeclaredStaticMethod[0m Static call to undeclared method [93m\Symfony\Component\Process\ProcessUtils::escapeArgument[0m
[96mcore/Console/Commands/Scheduling/Schedule.php[0m:[37m39[0m [31mPhanUndeclaredClassConstant[0m Reference to constant [91mclass[0m from undeclared class [32m\Illuminate\Console\Scheduling\Mutex[0m
[96mcore/Console/Commands/Scheduling/Schedule.php[0m:[37m40[0m [31mPhanUndeclaredClassConstant[0m Reference to constant [91mclass[0m from undeclared class [32m\Illuminate\Console\Scheduling\Mutex[0m
[96mcore/Console/Commands/Scheduling/Schedule.php[0m:[37m125[0m [31mPhanUndeclaredStaticMethod[0m Static call to undeclared method [93m\Symfony\Component\Process\ProcessUtils::escapeArgument[0m
[96mcore/Console/Commands/Scheduling/Schedule.php[0m:[37m128[0m [31mPhanUndeclaredStaticMethod[0m Static call to undeclared method [93m\Symfony\Component\Process\ProcessUtils::escapeArgument[0m
[96mcore/Middleware/Localization.php[0m:[37m37[0m [31mPhanUndeclaredClassMethod[0m Call to method [93msetLocale[0m from undeclared class [32m\Illuminate\Foundation\Application[0m
[96mcore/Middleware/Localization.php[0m:[37m67[0m [31mPhanUndeclaredClassMethod[0m Call to method [93msetLocale[0m from undeclared class [32m\Illuminate\Foundation\Application[0m
[96mcore/Support/Auth/Access/Traits/AuthorizesRequests.php[0m:[37m22[0m [31mPhanUndeclaredClassMethod[0m Call to method [93mauthorize[0m from undeclared class [32m\Illuminate\Foundation\Application[0m
[96mcore/Support/Auth/Access/Traits/AuthorizesRequests.php[0m:[37m39[0m [31mPhanUndeclaredClassMethod[0m Call to method [93mforUser[0m from undeclared class [32m\Illuminate\Foundation\Application[0m
[96mcore/Support/Auth/Traits/Authorizable.php[0m:[37m18[0m [31mPhanUndeclaredClassMethod[0m Call to method [93mforUser[0m from undeclared class [32m\Illuminate\Foundation\Application[0m
[96mcore/Support/Bootstrap/ConfigureLogging.php[0m:[37m26[0m [31mPhanUndeclaredClassMethod[0m Call to method [93mgetMonolog[0m from undeclared class [32m\Illuminate\Log\Writer[0m
[96mcore/Support/Bootstrap/ConfigureLogging.php[0m:[37m41[0m [31mPhanUndeclaredClassMethod[0m Call to method [93m__construct[0m from undeclared class [32m\Illuminate\Log\Writer[0m
[96mcore/Support/Bootstrap/ConfigureLogging.php[0m:[37m71[0m [31mPhanUndeclaredClassMethod[0m Call to method [93museFiles[0m from undeclared class [32m\Illuminate\Log\Writer[0m
[96mcore/Support/Bootstrap/ConfigureLogging.php[0m:[37m90[0m [31mPhanUndeclaredClassMethod[0m Call to method [93museDailyFiles[0m from undeclared class [32m\Illuminate\Log\Writer[0m
[96mcore/Support/Bootstrap/ConfigureLogging.php[0m:[37m105[0m [31mPhanUndeclaredClassMethod[0m Call to method [93museSyslog[0m from undeclared class [32m\Illuminate\Log\Writer[0m
[96mcore/Support/Bootstrap/ConfigureLogging.php[0m:[37m120[0m [31mPhanUndeclaredClassMethod[0m Call to method [93museErrorLog[0m from undeclared class [32m\Illuminate\Log\Writer[0m
[96mcore/Support/Bootstrap/RegisterFacades.php[0m:[37m23[0m [31mPhanUndeclaredClassMethod[0m Call to method [93mregister[0m from undeclared class [32m\Illuminate\Foundation\AliasLoader[0m
[96mcore/Support/Bus/Traits/DispatchesJobs.php[0m:[37m17[0m [31mPhanUndeclaredClassMethod[0m Call to method [93mdispatch[0m from undeclared class [32m\Illuminate\Foundation\Application[0m
[96mcore/Support/Bus/Traits/DispatchesJobs.php[0m:[37m28[0m [31mPhanUndeclaredClassMethod[0m Call to method [93mdispatchNow[0m from undeclared class [32m\Illuminate\Foundation\Application[0m
[96mcore/Support/Composers/BaseViewComposer.php[0m:[37m125[0m [31mPhanUndeclaredClassMethod[0m Call to method [93mgetRoutes[0m from undeclared class [32m\Illuminate\Foundation\Application[0m
[96mcore/Support/Composers/BaseViewComposer.php[0m:[37m128[0m [31mPhanUndeclaredClassMethod[0m Call to method [93mcreate[0m from undeclared class [32m\Illuminate\Foundation\Application[0m
[96mcore/Support/Console/Kernel.php[0m:[37m236[0m [31mPhanUndeclaredClassMethod[0m Call to method [93mdispatch[0m from undeclared class [32m\Pluma\Support\Console\QueuedCommand[0m
[96mcore/Support/Database/Relations/HasManyThroughMany.php[0m:[37m316[0m [31mPhanUndeclaredClassMethod[0m Call to method [93mgetKeyName[0m from undeclared class [32m\Pluma\Support\Database\Relations\strin[0m
[96mcore/Support/Database/Relations/HasManyThroughMany.php[0m:[37m316[0m [31mPhanUndeclaredClassMethod[0m Call to method [93mgetTable[0m from undeclared class [32m\Pluma\Support\Database\Relations\strin[0m
[96mcore/Support/Database/Traits/BaseRelations.php[0m:[37m22[0m [31mPhanUndeclaredClassMethod[0m Call to method [93m__construct[0m from undeclared class [32m\Pluma\Support\Database\Traits\Model[0m
[96mcore/Support/Database/Traits/BaseRelations.php[0m:[37m23[0m [31mPhanUndeclaredClassMethod[0m Call to method [93m__construct[0m from undeclared class [32m\Pluma\Support\Database\Traits\Model[0m
[96mcore/Support/Database/Traits/BaseRelations.php[0m:[37m42[0m [31mPhanUndeclaredClassMethod[0m Call to method [93m__construct[0m from undeclared class [32m\Pluma\Support\Database\Traits\Model[0m
[96mcore/Support/Database/Traits/BaseRelations.php[0m:[37m43[0m [31mPhanUndeclaredClassMethod[0m Call to method [93m__construct[0m from undeclared class [32m\Pluma\Support\Database\Traits\Model[0m
[96mcore/Support/Exceptions/Handler.php[0m:[37m93[0m [31mPhanUndeclaredClassConstant[0m Reference to constant [91mclass[0m from undeclared class [32m\Illuminate\Http\Exception\HttpResponseException[0m
[96mcore/Support/Exceptions/Handler.php[0m:[37m132[0m [31mPhanUndeclaredClassInstanceof[0m Checking instanceof against undeclared class [32m\Illuminate\Http\Exception\HttpResponseException[0m
[96mcore/Support/Exceptions/Handler.php[0m:[37m133[0m [31mPhanUndeclaredClassMethod[0m Call to method [93mgetResponse[0m from undeclared class [32m\Illuminate\Http\Exception\HttpResponseException[0m
[96mcore/Support/Facades/AliasLoader.php[0m:[37m50[0m [31mPhanUndeclaredClassMethod[0m Call to method [93mgetAliases[0m from undeclared class [32m\Illuminate\Foundation\AliasLoader[0m
[96mcore/Support/Facades/AliasLoader.php[0m:[37m52[0m [31mPhanUndeclaredClassMethod[0m Call to method [93msetAliases[0m from undeclared class [32m\Illuminate\Foundation\AliasLoader[0m
[96mcore/Support/Filesystem/Filesystem.php[0m:[37m23[0m [31mPhanUndeclaredClassMethod[0m Call to method [93m__construct[0m from undeclared class [32m\Pluma\Support\Filesystem\FileNotFound[0m
[96mcore/Support/Http/Middleware/CheckForMaintenanceMode.php[0m:[37m43[0m [31mPhanUndeclaredClassMethod[0m Call to method [93m__construct[0m from undeclared class [32m\Illuminate\Foundation\Http\Exceptions\MaintenanceModeException[0m
[96mcore/Support/Installation/Controllers/InstallController.php[0m:[37m18[0m [31mPhanUndeclaredTrait[0m Class uses undeclared trait [32m\Pluma\Support\Database\Traits\MigrateDatabase[0m
[96mcore/Support/Installation/Controllers/InstallController.php[0m:[37m79[0m [31mPhanUndeclaredClassCatch[0m Catching undeclared class [32m\Pluma\Support\Installation\Controllers\Whoops\Exception\ErrorException[0m ([37mDid you mean class \ErrorException[0m)
[96mcore/Support/Installation/Controllers/InstallController.php[0m:[37m120[0m [31mPhanUndeclaredClassMethod[0m Call to method [93mpluck[0m from undeclared class [32m\Role\Models\Grant[0m
[96mcore/Support/Installation/Controllers/InstallController.php[0m:[37m122[0m [31mPhanUndeclaredClassMethod[0m Call to method [93mattach[0m from undeclared class [32m\Role\Support\Relations\Illuminate\Database\Eloquent\Model[0m
[96mcore/Support/Installation/Controllers/InstallController.php[0m:[37m124[0m [31mPhanUndeclaredClassCatch[0m Catching undeclared class [32m\Pluma\Support\Installation\Controllers\Whoops\Exception\ErrorException[0m ([37mDid you mean class \ErrorException[0m)
[96mcore/Support/Installation/routes/install.routes.php[0m:[37m3[0m [31mPhanUndeclaredClassMethod[0m Call to method [93mget[0m from undeclared class [32m\Route[0m
[96mcore/Support/Installation/routes/install.routes.php[0m:[37m5[0m [31mPhanUndeclaredClassMethod[0m Call to method [93mget[0m from undeclared class [32m\Route[0m
[96mcore/Support/Installation/routes/install.routes.php[0m:[37m7[0m [31mPhanUndeclaredClassMethod[0m Call to method [93mpost[0m from undeclared class [32m\Route[0m
[96mcore/Support/Installation/routes/install.routes.php[0m:[37m9[0m [31mPhanUndeclaredClassMethod[0m Call to method [93mget[0m from undeclared class [32m\Route[0m
[96mcore/Support/Installation/routes/install.routes.php[0m:[37m11[0m [31mPhanUndeclaredClassMethod[0m Call to method [93mpost[0m from undeclared class [32m\Route[0m
[96mcore/Support/Installation/routes/install.routes.php[0m:[37m13[0m [31mPhanUndeclaredClassMethod[0m Call to method [93mget[0m from undeclared class [32m\Route[0m
[96mcore/Support/Installation/routes/install.routes.php[0m:[37m15[0m [31mPhanUndeclaredClassMethod[0m Call to method [93mpost[0m from undeclared class [32m\Route[0m
[96mcore/Support/Installation/routes/install.routes.php[0m:[37m17[0m [31mPhanUndeclaredClassMethod[0m Call to method [93mpost[0m from undeclared class [32m\Route[0m
[96mcore/Support/Installation/routes/install.routes.php[0m:[37m19[0m [31mPhanUndeclaredClassMethod[0m Call to method [93mget[0m from undeclared class [32m\Route[0m
[96mcore/Support/Installation/routes/install.routes.php[0m:[37m21[0m [31mPhanUndeclaredClassMethod[0m Call to method [93mget[0m from undeclared class [32m\Route[0m
[96mcore/Support/Log/LogManager.php[0m:[37m20[0m [31mPhanUndeclaredClassMethod[0m Call to method [93mstoragePath[0m from undeclared class [32m\Illuminate\Foundation\Application[0m
[96mcore/Support/Route/Traits/Routing.php[0m:[37m35[0m [31mPhanUndeclaredClassMethod[0m Call to method [93m__construct[0m from undeclared class [32m\Pluma\Providers\InstallationServiceProvider[0m
[96mcore/Support/Route/Traits/Routing.php[0m:[37m36[0m [31mPhanUndeclaredClassMethod[0m Call to method [93mboot[0m from undeclared class [32m\Pluma\Providers\InstallationServiceProvider[0m
[96mcore/Support/Route/Traits/Routing.php[0m:[37m37[0m [31mPhanUndeclaredClassMethod[0m Call to method [93mregister[0m from undeclared class [32m\Pluma\Providers\InstallationServiceProvider[0m
[96mcore/Support/Validation/Traits/ValidatesRequests.php[0m:[37m33[0m [31mPhanUndeclaredClassMethod[0m Call to method [93mall[0m from undeclared class [32m\Illuminate\Foundation\Application[0m
[96mcore/Support/Validation/Traits/ValidatesRequests.php[0m:[37m130[0m [31mPhanUndeclaredClassMethod[0m Call to method [93mprevious[0m from undeclared class [32m\Illuminate\Foundation\Application[0m
[96mcore/helpers/filters.php[0m:[37m26[0m [31mPhanUndeclaredClassMethod[0m Call to method [93mcheckAlone[0m from undeclared class [32m\Crowfeather\Dictionary\this[0m
[96mcore/helpers/filters.php[0m:[37m30[0m [31mPhanUndeclaredClassMethod[0m Call to method [93mcheckAmong[0m from undeclared class [32m\Crowfeather\Dictionary\this[0m
[96mcore/helpers/functions.php[0m:[37m18[0m [31mPhanUndeclaredClassMethod[0m Call to method [93mbasePath[0m from undeclared class [32m\Illuminate\Foundation\Application[0m
[96mcore/helpers/functions.php[0m:[37m39[0m [31mPhanUndeclaredClassMethod[0m Call to method [93mbasePath[0m from undeclared class [32m\Illuminate\Foundation\Application[0m
[96mcore/helpers/functions.php[0m:[37m60[0m [31mPhanUndeclaredClassMethod[0m Call to method [93mbasePath[0m from undeclared class [32m\Illuminate\Foundation\Application[0m
[96mcore/helpers/functions.php[0m:[37m117[0m [31mPhanUndeclaredClassMethod[0m Call to method [93mget[0m from undeclared class [32m\Illuminate\Foundation\Application[0m
[96mcore/helpers/helpers.php[0m:[37m33[0m [31mPhanUndeclaredClassMethod[0m Call to method [93mabort[0m from undeclared class [32m\Illuminate\Foundation\Application[0m
[96mcore/helpers/helpers.php[0m:[37m90[0m [31mPhanUndeclaredClassMethod[0m Call to method [93maction[0m from undeclared class [32m\Illuminate\Foundation\Application[0m
[96mcore/helpers/helpers.php[0m:[37m135[0m [31mPhanUndeclaredClassMethod[0m Call to method [93masset[0m from undeclared class [32m\Illuminate\Foundation\Application[0m
[96mcore/helpers/helpers.php[0m:[37m151[0m [31mPhanUndeclaredClassMethod[0m Call to method [93mguard[0m from undeclared class [32m\Illuminate\Foundation\Application[0m
[96mcore/helpers/helpers.php[0m:[37m167[0m [31mPhanUndeclaredClassMethod[0m Call to method [93mback[0m from undeclared class [32m\Illuminate\Foundation\Application[0m
[96mcore/helpers/helpers.php[0m:[37m180[0m [31mPhanUndeclaredClassMethod[0m Call to method [93mbasePath[0m from undeclared class [32m\Illuminate\Foundation\Application[0m
[96mcore/helpers/helpers.php[0m:[37m194[0m [31mPhanUndeclaredClassMethod[0m Call to method [93mmake[0m from undeclared class [32m\Illuminate\Foundation\Application[0m
[96mcore/helpers/helpers.php[0m:[37m207[0m [31mPhanUndeclaredClassMethod[0m Call to method [93mevent[0m from undeclared class [32m\Illuminate\Foundation\Application[0m
[96mcore/helpers/helpers.php[0m:[37m231[0m [31mPhanUndeclaredClassMethod[0m Call to method [93mget[0m from undeclared class [32m\Illuminate\Foundation\Application[0m
[96mcore/helpers/helpers.php[0m:[37m241[0m [31mPhanUndeclaredClassMethod[0m Call to method [93mput[0m from undeclared class [32m\Illuminate\Foundation\Application[0m
[96mcore/helpers/helpers.php[0m:[37m263[0m [31mPhanUndeclaredClassMethod[0m Call to method [93mset[0m from undeclared class [32m\Illuminate\Foundation\Application[0m
[96mcore/helpers/helpers.php[0m:[37m266[0m [31mPhanUndeclaredClassMethod[0m Call to method [93mget[0m from undeclared class [32m\Illuminate\Foundation\Application[0m
[96mcore/helpers/helpers.php[0m:[37m279[0m [31mPhanUndeclaredClassMethod[0m Call to method [93mmake[0m from undeclared class [32m\Illuminate\Foundation\Application[0m
[96mcore/helpers/helpers.php[0m:[37m304[0m [31mPhanUndeclaredClassMethod[0m Call to method [93mmake[0m from undeclared class [32m\Illuminate\Foundation\Application[0m
[96mcore/helpers/helpers.php[0m:[37m333[0m [31mPhanUndeclaredClassMethod[0m Call to method [93mtoken[0m from undeclared class [32m\Illuminate\Foundation\Application[0m
[96mcore/helpers/helpers.php[0m:[37m349[0m [31mPhanUndeclaredClassMethod[0m Call to method [93mdatabasePath[0m from undeclared class [32m\Illuminate\Foundation\Application[0m
[96mcore/helpers/helpers.php[0m:[37m362[0m [31mPhanUndeclaredClassMethod[0m Call to method [93mdecrypt[0m from undeclared class [32m\Illuminate\Foundation\Application[0m
[96mcore/helpers/helpers.php[0m:[37m375[0m [31mPhanUndeclaredClassMethod[0m Call to method [93mdispatch[0m from undeclared class [32m\Illuminate\Foundation\Application[0m
[96mcore/helpers/helpers.php[0m:[37m428[0m [31mPhanUndeclaredClassMethod[0m Call to method [93mencrypt[0m from undeclared class [32m\Illuminate\Foundation\Application[0m
[96mcore/helpers/helpers.php[0m:[37m482[0m [31mPhanUndeclaredClassMethod[0m Call to method [93mfire[0m from undeclared class [32m\Illuminate\Foundation\Application[0m
[96mcore/helpers/helpers.php[0m:[37m500[0m [31mPhanUndeclaredClassMethod[0m Call to method [93mof[0m from undeclared class [32m\Illuminate\Foundation\Application[0m
[96mcore/helpers/helpers.php[0m:[37m502[0m [31mPhanUndeclaredClassMethod[0m Call to method [93mof[0m from undeclared class [32m\Illuminate\Foundation\Application[0m
[96mcore/helpers/helpers.php[0m:[37m505[0m [31mPhanUndeclaredClassMethod[0m Call to method [93mof[0m from undeclared class [32m\Illuminate\Foundation\Application[0m
[96mcore/helpers/helpers.php[0m:[37m519[0m [31mPhanUndeclaredClassMethod[0m Call to method [93minfo[0m from undeclared class [32m\Illuminate\Foundation\Application[0m
[96mcore/helpers/helpers.php[0m:[37m537[0m [31mPhanUndeclaredClassMethod[0m Call to method [93mdebug[0m from undeclared class [32m\Illuminate\Foundation\Application[0m
[96mcore/helpers/helpers.php[0m:[37m564[0m [31mPhanUndeclaredClassMethod[0m Call to method [93mold[0m from undeclared class [32m\Illuminate\Foundation\Application[0m
[96mcore/helpers/helpers.php[0m:[37m579[0m [31mPhanUndeclaredClassMethod[0m Call to method [93mgetPolicyFor[0m from undeclared class [32m\Illuminate\Foundation\Application[0m
[96mcore/helpers/helpers.php[0m:[37m592[0m [31mPhanUndeclaredClassMethod[0m Call to method [93mmake[0m from undeclared class [32m\Illuminate\Foundation\Application[0m
[96mcore/helpers/helpers.php[0m:[37m612[0m [31mPhanUndeclaredClassMethod[0m Call to method [93mto[0m from undeclared class [32m\Illuminate\Foundation\Application[0m
[96mcore/helpers/helpers.php[0m:[37m631[0m [31mPhanUndeclaredClassMethod[0m Call to method [93monly[0m from undeclared class [32m\Illuminate\Foundation\Application[0m
[96mcore/helpers/helpers.php[0m:[37m634[0m [31mPhanUndeclaredClassMethod[0m Call to method [93minput[0m from undeclared class [32m\Illuminate\Foundation\Application[0m
[96mcore/helpers/helpers.php[0m:[37m661[0m [31mPhanUndeclaredClassMethod[0m Call to method [93mresourcePath[0m from undeclared class [32m\Illuminate\Foundation\Application[0m
[96mcore/helpers/helpers.php[0m:[37m682[0m [31mPhanUndeclaredClassMethod[0m Call to method [93mmake[0m from undeclared class [32m\Illuminate\Foundation\Application[0m
[96mcore/helpers/helpers.php[0m:[37m697[0m [31mPhanUndeclaredClassMethod[0m Call to method [93mroute[0m from undeclared class [32m\Illuminate\Foundation\Application[0m
[96mcore/helpers/helpers.php[0m:[37m745[0m [31mPhanUndeclaredClassMethod[0m Call to method [93mput[0m from undeclared class [32m\Illuminate\Foundation\Application[0m
[96mcore/helpers/helpers.php[0m:[37m748[0m [31mPhanUndeclaredClassMethod[0m Call to method [93mget[0m from undeclared class [32m\Illuminate\Foundation\Application[0m
[96mcore/helpers/helpers.php[0m:[37m781[0m [31mPhanUndeclaredClassMethod[0m Call to method [93mtrans[0m from undeclared class [32m\Illuminate\Foundation\Application[0m
[96mcore/helpers/helpers.php[0m:[37m798[0m [31mPhanUndeclaredClassMethod[0m Call to method [93mtransChoice[0m from undeclared class [32m\Illuminate\Foundation\Application[0m
[96mcore/helpers/helpers.php[0m:[37m813[0m [31mPhanUndeclaredClassMethod[0m Call to method [93mgetFromJson[0m from undeclared class [32m\Illuminate\Foundation\Application[0m
[96mcore/helpers/helpers.php[0m:[37m832[0m [31mPhanUndeclaredClassMethod[0m Call to method [93mto[0m from undeclared class [32m\Illuminate\Foundation\Application[0m
[96mcore/helpers/helpers.php[0m:[37m854[0m [31mPhanUndeclaredClassMethod[0m Call to method [93mmake[0m from undeclared class [32m\Illuminate\Foundation\Application[0m
[96mcore/helpers/helpers.php[0m:[37m875[0m [31mPhanUndeclaredClassMethod[0m Call to method [93mmake[0m from undeclared class [32m\Illuminate\Foundation\Application[0m
[96mcore/routes/assets.php[0m:[37m16[0m [31mPhanUndeclaredClassMethod[0m Call to method [93mget[0m from undeclared class [32m\Route[0m
[96mcore/routes/assets.php[0m:[37m33[0m [31mPhanUndeclaredClassMethod[0m Call to method [93mget[0m from undeclared class [32m\Route[0m
[96mcore/routes/assets.php[0m:[37m51[0m [31mPhanUndeclaredClassMethod[0m Call to method [93mget[0m from undeclared class [32m\Route[0m
[96mcore/routes/fuzzy.php[0m:[37m3[0m [31mPhanUndeclaredClassMethod[0m Call to method [93mget[0m from undeclared class [32m\Route[0m
[96mcore/routes/fuzzy.php[0m:[37m5[0m [31mPhanUndeclaredClassMethod[0m Call to method [93mextension[0m from undeclared class [32m\File[0m
[96mcore/routes/fuzzy.php[0m:[37m11[0m [31mPhanUndeclaredClassMethod[0m Call to method [93mexists[0m from undeclared class [32m\File[0m
[96mcore/routes/fuzzy.php[0m:[37m30[0m [31mPhanUndeclaredClassMethod[0m Call to method [93mexists[0m from undeclared class [32m\File[0m
[96mcore/routes/fuzzy.php[0m:[37m37[0m [31mPhanUndeclaredClassMethod[0m Call to method [93mget[0m from undeclared class [32m\Route[0m
[96mcore/routes/fuzzy.php[0m:[37m49[0m [31mPhanUndeclaredClassMethod[0m Call to method [93mexists[0m from undeclared class [32m\File[0m
[96mcore/routes/public.php[0m:[37m9[0m [31mPhanUndeclaredClassMethod[0m Call to method [93mgroup[0m from undeclared class [32m\Route[0m
[96mcore/routes/storage.php[0m:[37m14[0m [31mPhanUndeclaredClassMethod[0m Call to method [93mget[0m from undeclared class [32m\Route[0m
[96mcore/submodules/Activity/routes/admin.php[0m:[37m3[0m [31mPhanUndeclaredClassMethod[0m Call to method [93mresource[0m from undeclared class [32m\Route[0m
[96mcore/submodules/Activity/routes/public.php[0m:[37m3[0m [31mPhanUndeclaredClassMethod[0m Call to method [93mresource[0m from undeclared class [32m\Route[0m
[96mcore/submodules/Calendar/routes/admin.php[0m:[37m3[0m [31mPhanUndeclaredClassMethod[0m Call to method [93mresource[0m from undeclared class [32m\Route[0m
[96mcore/submodules/Category/routes/admin.php[0m:[37m12[0m [31mPhanUndeclaredClassMethod[0m Call to method [93mpost[0m from undeclared class [32m\Route[0m
[96mcore/submodules/Category/routes/admin.php[0m:[37m13[0m [31mPhanUndeclaredClassMethod[0m Call to method [93mput[0m from undeclared class [32m\Route[0m
[96mcore/submodules/Category/routes/api.php[0m:[37m12[0m [31mPhanUndeclaredClassMethod[0m Call to method [93mgroup[0m from undeclared class [32m\Route[0m
[96mcore/submodules/Category/routes/api.php[0m:[37m13[0m [31mPhanUndeclaredClassMethod[0m Call to method [93mget[0m from undeclared class [32m\Route[0m
[96mcore/submodules/Category/routes/api.php[0m:[37m15[0m [31mPhanUndeclaredClassMethod[0m Call to method [93mget[0m from undeclared class [32m\Route[0m
[96mcore/submodules/Category/routes/api.php[0m:[37m16[0m [31mPhanUndeclaredClassMethod[0m Call to method [93mget[0m from undeclared class [32m\Route[0m
[96mcore/submodules/Category/routes/api.php[0m:[37m18[0m [31mPhanUndeclaredClassMethod[0m Call to method [93mget[0m from undeclared class [32m\Route[0m
[96mcore/submodules/Comment/Controllers/API/CommentController.php[0m:[37m27[0m [31mPhanUndeclaredClassMethod[0m Call to method [93mfind[0m from undeclared class [32m\Pluma\Models\User[0m
[96mcore/submodules/Comment/Controllers/API/CommentController.php[0m:[37m78[0m [31mPhanUndeclaredClassMethod[0m Call to method [93mfind[0m from undeclared class [32m\Pluma\Models\User[0m
[96mcore/submodules/Comment/Controllers/API/CommentController.php[0m:[37m84[0m [31mPhanUndeclaredClassMethod[0m Call to method [93massociate[0m from undeclared class [32m\User\Support\Traits\Illuminate\Database\Eloquent\Model[0m
[96mcore/submodules/Comment/Controllers/API/CommentController.php[0m:[37m85[0m [31mPhanUndeclaredClassMethod[0m Call to method [93massociate[0m from undeclared class [32m\User\Support\Traits\Illuminate\Database\Eloquent\Model[0m
[96mcore/submodules/Comment/Controllers/API/CommentController.php[0m:[37m124[0m [31mPhanUndeclaredClassMethod[0m Call to method [93mfind[0m from undeclared class [32m\Pluma\Models\User[0m
[96mcore/submodules/Comment/Support/Traits/CommentResourceApiTrait.php[0m:[37m104[0m [31mPhanUndeclaredClassMethod[0m Call to method [93massociate[0m from undeclared class [32m\User\Support\Traits\Illuminate\Database\Eloquent\Model[0m
[96mcore/submodules/Comment/Support/Traits/CommentResourceApiTrait.php[0m:[37m104[0m [31mPhanUndeclaredClassMethod[0m Call to method [93mfind[0m from undeclared class [32m\Comment\Support\Traits\User[0m
[96mcore/submodules/Comment/Support/Traits/CommentResourceApiTrait.php[0m:[37m140[0m [31mPhanUndeclaredClassMethod[0m Call to method [93mfind[0m from undeclared class [32m\Comment\Support\Traits\User[0m
[96mcore/submodules/Comment/routes/admin.php[0m:[37m13[0m [31mPhanUndeclaredClassMethod[0m Call to method [93mget[0m from undeclared class [32m\Route[0m
[96mcore/submodules/Comment/routes/admin.php[0m:[37m14[0m [31mPhanUndeclaredClassMethod[0m Call to method [93mpost[0m from undeclared class [32m\Route[0m
[96mcore/submodules/Comment/routes/admin.php[0m:[37m17[0m [31mPhanUndeclaredClassMethod[0m Call to method [93msoftDeletes[0m from undeclared class [32m\Route[0m
[96mcore/submodules/Comment/routes/admin.php[0m:[37m20[0m [31mPhanUndeclaredClassMethod[0m Call to method [93mresource[0m from undeclared class [32m\Route[0m
[96mcore/submodules/Comment/routes/api.php[0m:[37m3[0m [31mPhanUndeclaredClassMethod[0m Call to method [93mpost[0m from undeclared class [32m\Route[0m
[96mcore/submodules/Comment/routes/api.php[0m:[37m6[0m [31mPhanUndeclaredClassMethod[0m Call to method [93mpost[0m from undeclared class [32m\Route[0m
[96mcore/submodules/Comment/routes/api.php[0m:[37m9[0m [31mPhanUndeclaredClassMethod[0m Call to method [93mpost[0m from undeclared class [32m\Route[0m
[96mcore/submodules/Comment/routes/api.php[0m:[37m12[0m [31mPhanUndeclaredClassMethod[0m Call to method [93mget[0m from undeclared class [32m\Route[0m
[96mcore/submodules/Comment/routes/api.php[0m:[37m15[0m [31mPhanUndeclaredClassMethod[0m Call to method [93mdelete[0m from undeclared class [32m\Route[0m
[96mcore/submodules/Dashboard/routes/admin.php[0m:[37m3[0m [31mPhanUndeclaredClassMethod[0m Call to method [93mget[0m from undeclared class [32m\Route[0m
[96mcore/submodules/Form/Controllers/FormController.php[0m:[37m91[0m [31mPhanUndeclaredClassMethod[0m Call to method [93massociate[0m from undeclared class [32m\User\Support\Traits\Illuminate\Database\Eloquent\Model[0m
[96mcore/submodules/Form/Providers/FormServiceProvider.php[0m:[37m34[0m [31mPhanUndeclaredClassConstant[0m Reference to constant [91mclass[0m from undeclared class [32m\Form\Providers\Form[0m
[96mcore/submodules/Form/Providers/FormServiceProvider.php[0m:[37m34[0m [31mPhanUndeclaredClassConstant[0m Reference to constant [91mclass[0m from undeclared class [32m\Form\Providers\FormPolicy[0m
[96mcore/submodules/Form/Support/Traits/FormResourceApiTrait.php[0m:[37m105[0m [31mPhanUndeclaredClassMethod[0m Call to method [93massociate[0m from undeclared class [32m\User\Support\Traits\Illuminate\Database\Eloquent\Model[0m
[96mcore/submodules/Form/routes/admin.php[0m:[37m13[0m [31mPhanUndeclaredClassMethod[0m Call to method [93mget[0m from undeclared class [32m\Route[0m
[96mcore/submodules/Form/routes/admin.php[0m:[37m16[0m [31mPhanUndeclaredClassMethod[0m Call to method [93mpatch[0m from undeclared class [32m\Route[0m
[96mcore/submodules/Form/routes/admin.php[0m:[37m19[0m [31mPhanUndeclaredClassMethod[0m Call to method [93mdelete[0m from undeclared class [32m\Route[0m
[96mcore/submodules/Form/routes/admin.php[0m:[37m23[0m [31mPhanUndeclaredClassMethod[0m Call to method [93mresource[0m from undeclared class [32m\Route[0m
[96mcore/submodules/Form/routes/api.php[0m:[37m12[0m [31mPhanUndeclaredClassMethod[0m Call to method [93mgroup[0m from undeclared class [32m\Route[0m
[96mcore/submodules/Form/routes/api.php[0m:[37m13[0m [31mPhanUndeclaredClassMethod[0m Call to method [93mget[0m from undeclared class [32m\Route[0m
[96mcore/submodules/Form/routes/api.php[0m:[37m15[0m [31mPhanUndeclaredClassMethod[0m Call to method [93mget[0m from undeclared class [32m\Route[0m
[96mcore/submodules/Form/routes/api.php[0m:[37m16[0m [31mPhanUndeclaredClassMethod[0m Call to method [93mget[0m from undeclared class [32m\Route[0m
[96mcore/submodules/Form/routes/api.php[0m:[37m18[0m [31mPhanUndeclaredClassMethod[0m Call to method [93mget[0m from undeclared class [32m\Route[0m
[96mcore/submodules/Form/routes/api.php[0m:[37m20[0m [31mPhanUndeclaredClassMethod[0m Call to method [93mget[0m from undeclared class [32m\Route[0m
[96mcore/submodules/Form/submodules/Field/Controllers/FieldController.php[0m:[37m48[0m [31mPhanUndeclaredFunction[0m Call to undeclared function [93m\Field()[0m
[96mcore/submodules/Form/submodules/Field/Support/Traits/FieldResourceApiTrait.php[0m:[37m105[0m [31mPhanUndeclaredClassMethod[0m Call to method [93massociate[0m from undeclared class [32m\User\Support\Traits\Illuminate\Database\Eloquent\Model[0m
[96mcore/submodules/Form/submodules/Field/routes/admin.php[0m:[37m13[0m [31mPhanUndeclaredClassMethod[0m Call to method [93mget[0m from undeclared class [32m\Route[0m
[96mcore/submodules/Form/submodules/Field/routes/admin.php[0m:[37m16[0m [31mPhanUndeclaredClassMethod[0m Call to method [93mpatch[0m from undeclared class [32m\Route[0m
[96mcore/submodules/Form/submodules/Field/routes/admin.php[0m:[37m19[0m [31mPhanUndeclaredClassMethod[0m Call to method [93mdelete[0m from undeclared class [32m\Route[0m
[96mcore/submodules/Form/submodules/Field/routes/admin.php[0m:[37m23[0m [31mPhanUndeclaredClassMethod[0m Call to method [93mresource[0m from undeclared class [32m\Route[0m
[96mcore/submodules/Form/submodules/Field/routes/api.php[0m:[37m12[0m [31mPhanUndeclaredClassMethod[0m Call to method [93mgroup[0m from undeclared class [32m\Route[0m
[96mcore/submodules/Form/submodules/Field/routes/api.php[0m:[37m13[0m [31mPhanUndeclaredClassMethod[0m Call to method [93mget[0m from undeclared class [32m\Route[0m
[96mcore/submodules/Form/submodules/Field/routes/api.php[0m:[37m15[0m [31mPhanUndeclaredClassMethod[0m Call to method [93mget[0m from undeclared class [32m\Route[0m
[96mcore/submodules/Form/submodules/Field/routes/api.php[0m:[37m16[0m [31mPhanUndeclaredClassMethod[0m Call to method [93mget[0m from undeclared class [32m\Route[0m
[96mcore/submodules/Form/submodules/Field/routes/api.php[0m:[37m18[0m [31mPhanUndeclaredClassMethod[0m Call to method [93mget[0m from undeclared class [32m\Route[0m
[96mcore/submodules/Form/submodules/Fieldtype/Providers/FieldtypeServiceProvider.php[0m:[37m34[0m [31mPhanUndeclaredClassConstant[0m Reference to constant [91mclass[0m from undeclared class [32m\Fieldtype\Providers\Fieldtype[0m
[96mcore/submodules/Form/submodules/Fieldtype/Providers/FieldtypeServiceProvider.php[0m:[37m34[0m [31mPhanUndeclaredClassConstant[0m Reference to constant [91mclass[0m from undeclared class [32m\Fieldtype\Providers\FieldtypePolicy[0m
[96mcore/submodules/Form/submodules/Fieldtype/Support/Traits/FieldtypeResourceApiTrait.php[0m:[37m105[0m [31mPhanUndeclaredClassMethod[0m Call to method [93massociate[0m from undeclared class [32m\User\Support\Traits\Illuminate\Database\Eloquent\Model[0m
[96mcore/submodules/Form/submodules/Fieldtype/routes/admin.php[0m:[37m13[0m [31mPhanUndeclaredClassMethod[0m Call to method [93mget[0m from undeclared class [32m\Route[0m
[96mcore/submodules/Form/submodules/Fieldtype/routes/admin.php[0m:[37m16[0m [31mPhanUndeclaredClassMethod[0m Call to method [93mpatch[0m from undeclared class [32m\Route[0m
[96mcore/submodules/Form/submodules/Fieldtype/routes/admin.php[0m:[37m19[0m [31mPhanUndeclaredClassMethod[0m Call to method [93mdelete[0m from undeclared class [32m\Route[0m
[96mcore/submodules/Form/submodules/Fieldtype/routes/admin.php[0m:[37m23[0m [31mPhanUndeclaredClassMethod[0m Call to method [93mresource[0m from undeclared class [32m\Route[0m
[96mcore/submodules/Form/submodules/Fieldtype/routes/api.php[0m:[37m12[0m [31mPhanUndeclaredClassMethod[0m Call to method [93mgroup[0m from undeclared class [32m\Route[0m
[96mcore/submodules/Form/submodules/Fieldtype/routes/api.php[0m:[37m13[0m [31mPhanUndeclaredClassMethod[0m Call to method [93mget[0m from undeclared class [32m\Route[0m
[96mcore/submodules/Form/submodules/Fieldtype/routes/api.php[0m:[37m15[0m [31mPhanUndeclaredClassMethod[0m Call to method [93mget[0m from undeclared class [32m\Route[0m
[96mcore/submodules/Form/submodules/Fieldtype/routes/api.php[0m:[37m16[0m [31mPhanUndeclaredClassMethod[0m Call to method [93mget[0m from undeclared class [32m\Route[0m
[96mcore/submodules/Form/submodules/Fieldtype/routes/api.php[0m:[37m18[0m [31mPhanUndeclaredClassMethod[0m Call to method [93mget[0m from undeclared class [32m\Route[0m
[96mcore/submodules/Form/submodules/Submission/Controllers/SubmissionController.php[0m:[37m81[0m [31mPhanUndeclaredClassMethod[0m Call to method [93massociate[0m from undeclared class [32m\User\Support\Traits\Illuminate\Database\Eloquent\Model[0m
[96mcore/submodules/Form/submodules/Submission/Support/Traits/SubmissionResourceApiTrait.php[0m:[37m104[0m [31mPhanUndeclaredClassMethod[0m Call to method [93m__construct[0m from undeclared class [32m\Submission\Support\Traits\Submission[0m
[96mcore/submodules/Form/submodules/Submission/Support/Traits/SubmissionResourceApiTrait.php[0m:[37m111[0m [31mPhanUndeclaredClassMethod[0m Call to method [93muser[0m from undeclared class [32m\Submission\Support\Traits\Submission[0m
[96mcore/submodules/Form/submodules/Submission/Support/Traits/SubmissionResourceApiTrait.php[0m:[37m112[0m [31mPhanUndeclaredClassMethod[0m Call to method [93msave[0m from undeclared class [32m\Submission\Support\Traits\Submission[0m
[96mcore/submodules/Form/submodules/Submission/routes/admin.php[0m:[37m12[0m [31mPhanUndeclaredClassMethod[0m Call to method [93mgroup[0m from undeclared class [32m\Route[0m
[96mcore/submodules/Form/submodules/Submission/routes/admin.php[0m:[37m14[0m [31mPhanUndeclaredClassMethod[0m Call to method [93mget[0m from undeclared class [32m\Route[0m
[96mcore/submodules/Form/submodules/Submission/routes/admin.php[0m:[37m17[0m [31mPhanUndeclaredClassMethod[0m Call to method [93mpatch[0m from undeclared class [32m\Route[0m
[96mcore/submodules/Form/submodules/Submission/routes/admin.php[0m:[37m20[0m [31mPhanUndeclaredClassMethod[0m Call to method [93mdelete[0m from undeclared class [32m\Route[0m
[96mcore/submodules/Form/submodules/Submission/routes/admin.php[0m:[37m23[0m [31mPhanUndeclaredClassMethod[0m Call to method [93mpost[0m from undeclared class [32m\Route[0m
[96mcore/submodules/Form/submodules/Submission/routes/admin.php[0m:[37m27[0m [31mPhanUndeclaredClassMethod[0m Call to method [93mget[0m from undeclared class [32m\Route[0m
[96mcore/submodules/Form/submodules/Submission/routes/admin.php[0m:[37m31[0m [31mPhanUndeclaredClassMethod[0m Call to method [93mpost[0m from undeclared class [32m\Route[0m
[96mcore/submodules/Form/submodules/Submission/routes/admin.php[0m:[37m35[0m [31mPhanUndeclaredClassMethod[0m Call to method [93mresource[0m from undeclared class [32m\Route[0m
[96mcore/submodules/Form/submodules/Submission/routes/api.php[0m:[37m12[0m [31mPhanUndeclaredClassMethod[0m Call to method [93mgroup[0m from undeclared class [32m\Route[0m
[96mcore/submodules/Form/submodules/Submission/routes/api.php[0m:[37m13[0m [31mPhanUndeclaredClassMethod[0m Call to method [93mget[0m from undeclared class [32m\Route[0m
[96mcore/submodules/Form/submodules/Submission/routes/api.php[0m:[37m15[0m [31mPhanUndeclaredClassMethod[0m Call to method [93mget[0m from undeclared class [32m\Route[0m
[96mcore/submodules/Form/submodules/Submission/routes/api.php[0m:[37m16[0m [31mPhanUndeclaredClassMethod[0m Call to method [93mget[0m from undeclared class [32m\Route[0m
[96mcore/submodules/Form/submodules/Submission/routes/api.php[0m:[37m18[0m [31mPhanUndeclaredClassMethod[0m Call to method [93mget[0m from undeclared class [32m\Route[0m
[96mcore/submodules/Form/submodules/Submission/routes/api.php[0m:[37m22[0m [31mPhanUndeclaredClassMethod[0m Call to method [93mpost[0m from undeclared class [32m\Route[0m
[96mcore/submodules/Frontier/Composers/ApplicationViewComposer.php[0m:[37m68[0m [31mPhanUndeclaredClassMethod[0m Call to method [93mversion[0m from undeclared class [32m\Illuminate\Foundation\Application[0m
[96mcore/submodules/Frontier/Composers/ApplicationViewComposer.php[0m:[37m69[0m [31mPhanUndeclaredClassMethod[0m Call to method [93mversion[0m from undeclared class [32m\Illuminate\Foundation\Application[0m
[96mcore/submodules/Frontier/Composers/ApplicationViewComposer.php[0m:[37m79[0m [31mPhanUndeclaredClassMethod[0m Call to method [93mversion[0m from undeclared class [32m\Illuminate\Foundation\Application[0m
[96mcore/submodules/Frontier/Composers/ApplicationViewComposer.php[0m:[37m243[0m [31mPhanTypeExpectedObjectPropAccess[0m Expected an object instance when accessing an instance property, but saw an expression with type [37mfalse[0m
[96mcore/submodules/Frontier/Composers/ApplicationViewComposer.php[0m:[37m294[0m [31mPhanUndeclaredClassMethod[0m Call to method [93mversion[0m from undeclared class [32m\Illuminate\Foundation\Application[0m
[96mcore/submodules/Frontier/Composers/NavigationViewComposer.php[0m:[37m328[0m [31mPhanUndeclaredClassMethod[0m Call to method [93mroute[0m from undeclared class [32m\Illuminate\Foundation\Application[0m
[96mcore/submodules/Frontier/Providers/FrontierServiceProvider.php[0m:[37m84[0m [31mPhanUndeclaredClassMethod[0m Call to method [93maliasMiddleware[0m from undeclared class [32m\Frontier\Providers\Pluma\Routing\Router[0m
[96mcore/submodules/Frontier/Providers/FrontierServiceProvider.php[0m:[37m85[0m [31mPhanUndeclaredClassMethod[0m Call to method [93maliasMiddleware[0m from undeclared class [32m\Frontier\Providers\Pluma\Routing\Router[0m
[96mcore/submodules/Frontier/routes/admin.php[0m:[37m13[0m [31mPhanUndeclaredClassMethod[0m Call to method [93mget[0m from undeclared class [32m\Route[0m
[96mcore/submodules/Frontier/submodules/Appearance/submodules/Menu/routes/admin.php[0m:[37m3[0m [31mPhanUndeclaredClassMethod[0m Call to method [93mresource[0m from undeclared class [32m\Route[0m
[96mcore/submodules/Frontier/submodules/Appearance/submodules/Theme/routes/admin.php[0m:[37m4[0m [31mPhanUndeclaredClassMethod[0m Call to method [93mpost[0m from undeclared class [32m\Route[0m
[96mcore/submodules/Frontier/submodules/Appearance/submodules/Theme/routes/admin.php[0m:[37m7[0m [31mPhanUndeclaredClassMethod[0m Call to method [93mget[0m from undeclared class [32m\Route[0m
[96mcore/submodules/Frontier/submodules/Appearance/submodules/Theme/routes/admin.php[0m:[37m8[0m [31mPhanUndeclaredClassMethod[0m Call to method [93mget[0m from undeclared class [32m\Route[0m
[96mcore/submodules/Frontier/submodules/Appearance/submodules/Widget/routes/admin.php[0m:[37m3[0m [31mPhanUndeclaredClassMethod[0m Call to method [93mpost[0m from undeclared class [32m\Route[0m
[96mcore/submodules/Frontier/submodules/Appearance/submodules/Widget/routes/admin.php[0m:[37m4[0m [31mPhanUndeclaredClassMethod[0m Call to method [93mresource[0m from undeclared class [32m\Route[0m
[96mcore/submodules/Library/API/Controllers/LibraryController.php[0m:[37m187[0m [31mPhanUndeclaredClassMethod[0m Call to method [93mgetClientOriginalName[0m from undeclared class [32m\Library\API\Controllers\File[0m
[96mcore/submodules/Library/API/Controllers/LibraryController.php[0m:[37m194[0m [31mPhanUndeclaredClassMethod[0m Call to method [93mgetClientOriginalExtension[0m from undeclared class [32m\Library\API\Controllers\File[0m
[96mcore/submodules/Library/API/Controllers/LibraryController.php[0m:[37m198[0m [31mPhanUndeclaredClassMethod[0m Call to method [93mmove[0m from undeclared class [32m\Library\API\Controllers\File[0m
[96mcore/submodules/Library/API/Controllers/LibraryController.php[0m:[37m203[0m [31mPhanUndeclaredClassMethod[0m Call to method [93mgetClientMimeType[0m from undeclared class [32m\Library\API\Controllers\File[0m
[96mcore/submodules/Library/API/Controllers/LibraryController.php[0m:[37m205[0m [31mPhanUndeclaredClassMethod[0m Call to method [93mgetClientSize[0m from undeclared class [32m\Library\API\Controllers\File[0m
[96mcore/submodules/Library/API/routes/api.php[0m:[37m3[0m [31mPhanUndeclaredClassMethod[0m Call to method [93mdelete[0m from undeclared class [32m\Route[0m
[96mcore/submodules/Library/API/routes/api.php[0m:[37m4[0m [31mPhanUndeclaredClassMethod[0m Call to method [93mdelete[0m from undeclared class [32m\Route[0m
[96mcore/submodules/Library/API/routes/api.php[0m:[37m5[0m [31mPhanUndeclaredClassMethod[0m Call to method [93mget[0m from undeclared class [32m\Route[0m
[96mcore/submodules/Library/API/routes/api.php[0m:[37m6[0m [31mPhanUndeclaredClassMethod[0m Call to method [93mget[0m from undeclared class [32m\Route[0m
[96mcore/submodules/Library/API/routes/api.php[0m:[37m7[0m [31mPhanUndeclaredClassMethod[0m Call to method [93mget[0m from undeclared class [32m\Route[0m
[96mcore/submodules/Library/API/routes/api.php[0m:[37m8[0m [31mPhanUndeclaredClassMethod[0m Call to method [93mget[0m from undeclared class [32m\Route[0m
[96mcore/submodules/Library/API/routes/api.php[0m:[37m9[0m [31mPhanUndeclaredClassMethod[0m Call to method [93mget[0m from undeclared class [32m\Route[0m
[96mcore/submodules/Library/API/routes/api.php[0m:[37m10[0m [31mPhanUndeclaredClassMethod[0m Call to method [93mget[0m from undeclared class [32m\Route[0m
[96mcore/submodules/Library/API/routes/api.php[0m:[37m11[0m [31mPhanUndeclaredClassMethod[0m Call to method [93mpost[0m from undeclared class [32m\Route[0m
[96mcore/submodules/Library/API/routes/api.php[0m:[37m12[0m [31mPhanUndeclaredClassMethod[0m Call to method [93mpost[0m from undeclared class [32m\Route[0m
[96mcore/submodules/Library/API/routes/api.php[0m:[37m13[0m [31mPhanUndeclaredClassMethod[0m Call to method [93mpost[0m from undeclared class [32m\Route[0m
[96mcore/submodules/Library/API/routes/api.php[0m:[37m15[0m [31mPhanUndeclaredClassMethod[0m Call to method [93mget[0m from undeclared class [32m\Route[0m
[96mcore/submodules/Library/API/routes/api.php[0m:[37m16[0m [31mPhanUndeclaredClassMethod[0m Call to method [93mget[0m from undeclared class [32m\Route[0m
[96mcore/submodules/Library/API/routes/api.php[0m:[37m17[0m [31mPhanUndeclaredClassMethod[0m Call to method [93mgroup[0m from undeclared class [32m\Route[0m
[96mcore/submodules/Library/Support/Mutators/LibraryMutator.php[0m:[37m139[0m [31mPhanUndeclaredClassCatch[0m Catching undeclared class [32m\Library\Support\Mutators\Exception[0m ([37mDid you mean class \Exception[0m)
[96mcore/submodules/Library/Support/Mutators/LibraryMutator.php[0m:[37m140[0m [31mPhanUndeclaredClassMethod[0m Call to method [93mgetMessage[0m from undeclared class [32m\Library\Support\Mutators\Exception[0m ([37mDid you mean class \Exception[0m)
[96mcore/submodules/Library/routes/admin.php[0m:[37m3[0m [31mPhanUndeclaredClassMethod[0m Call to method [93mdelete[0m from undeclared class [32m\Route[0m
[96mcore/submodules/Library/routes/admin.php[0m:[37m4[0m [31mPhanUndeclaredClassMethod[0m Call to method [93mpost[0m from undeclared class [32m\Route[0m
[96mcore/submodules/Library/routes/admin.php[0m:[37m6[0m [31mPhanUndeclaredClassMethod[0m Call to method [93mget[0m from undeclared class [32m\Route[0m
[96mcore/submodules/Library/routes/admin.php[0m:[37m7[0m [31mPhanUndeclaredClassMethod[0m Call to method [93mresource[0m from undeclared class [32m\Route[0m
[96mcore/submodules/Library/routes/api.php[0m:[37m6[0m [31mPhanUndeclaredClassMethod[0m Call to method [93mgroup[0m from undeclared class [32m\Route[0m
[96mcore/submodules/Library/routes/api.php[0m:[37m8[0m [31mPhanUndeclaredClassMethod[0m Call to method [93mpost[0m from undeclared class [32m\Route[0m
[96mcore/submodules/Library/routes/api.php[0m:[37m13[0m [31mPhanUndeclaredClassMethod[0m Call to method [93mget[0m from undeclared class [32m\Route[0m
[96mcore/submodules/Library/submodules/Catalogue/API/routes/api.php[0m:[37m3[0m [31mPhanUndeclaredClassMethod[0m Call to method [93mdelete[0m from undeclared class [32m\Route[0m
[96mcore/submodules/Library/submodules/Catalogue/API/routes/api.php[0m:[37m4[0m [31mPhanUndeclaredClassMethod[0m Call to method [93mdelete[0m from undeclared class [32m\Route[0m
[96mcore/submodules/Library/submodules/Catalogue/API/routes/api.php[0m:[37m5[0m [31mPhanUndeclaredClassMethod[0m Call to method [93mget[0m from undeclared class [32m\Route[0m
[96mcore/submodules/Library/submodules/Catalogue/API/routes/api.php[0m:[37m6[0m [31mPhanUndeclaredClassMethod[0m Call to method [93mget[0m from undeclared class [32m\Route[0m
[96mcore/submodules/Library/submodules/Catalogue/API/routes/api.php[0m:[37m7[0m [31mPhanUndeclaredClassMethod[0m Call to method [93mget[0m from undeclared class [32m\Route[0m
[96mcore/submodules/Library/submodules/Catalogue/API/routes/api.php[0m:[37m8[0m [31mPhanUndeclaredClassMethod[0m Call to method [93mpost[0m from undeclared class [32m\Route[0m
[96mcore/submodules/Library/submodules/Catalogue/API/routes/api.php[0m:[37m9[0m [31mPhanUndeclaredClassMethod[0m Call to method [93mpost[0m from undeclared class [32m\Route[0m
[96mcore/submodules/Library/submodules/Catalogue/API/routes/api.php[0m:[37m10[0m [31mPhanUndeclaredClassMethod[0m Call to method [93mpost[0m from undeclared class [32m\Route[0m
[96mcore/submodules/Library/submodules/Catalogue/routes/admin.php[0m:[37m3[0m [31mPhanUndeclaredClassMethod[0m Call to method [93mgroup[0m from undeclared class [32m\Route[0m
[96mcore/submodules/Library/submodules/Catalogue/routes/admin.php[0m:[37m19[0m [31mPhanUndeclaredClassMethod[0m Call to method [93mresource[0m from undeclared class [32m\Route[0m
[96mcore/submodules/Page/Controllers/Resources/PageResourceAdminTrait.php[0m:[37m72[0m [31mPhanUndeclaredClassMethod[0m Call to method [93massociate[0m from undeclared class [32m\User\Support\Traits\Illuminate\Database\Eloquent\Model[0m
[96mcore/submodules/Page/Controllers/Resources/PageResourceApiTrait.php[0m:[37m86[0m [31mPhanUndeclaredClassMethod[0m Call to method [93massociate[0m from undeclared class [32m\User\Support\Traits\Illuminate\Database\Eloquent\Model[0m
[96mcore/submodules/Page/routes/admin.php[0m:[37m19[0m [31mPhanUndeclaredClassMethod[0m Call to method [93msoftDeletes[0m from undeclared class [32m\Route[0m
[96mcore/submodules/Page/routes/admin.php[0m:[37m27[0m [31mPhanUndeclaredClassMethod[0m Call to method [93mresource[0m from undeclared class [32m\Route[0m
[96mcore/submodules/Page/routes/api.php[0m:[37m15[0m [31mPhanUndeclaredClassMethod[0m Call to method [93mgroup[0m from undeclared class [32m\Route[0m
[96mcore/submodules/Page/routes/api.php[0m:[37m16[0m [31mPhanUndeclaredClassMethod[0m Call to method [93mget[0m from undeclared class [32m\Route[0m
[96mcore/submodules/Page/routes/api.php[0m:[37m17[0m [31mPhanUndeclaredClassMethod[0m Call to method [93mget[0m from undeclared class [32m\Route[0m
[96mcore/submodules/Page/routes/api.php[0m:[37m18[0m [31mPhanUndeclaredClassMethod[0m Call to method [93mget[0m from undeclared class [32m\Route[0m
[96mcore/submodules/Page/routes/api.php[0m:[37m19[0m [31mPhanUndeclaredClassMethod[0m Call to method [93mget[0m from undeclared class [32m\Route[0m
[96mcore/submodules/Page/routes/api.php[0m:[37m20[0m [31mPhanUndeclaredClassMethod[0m Call to method [93mpost[0m from undeclared class [32m\Route[0m
[96mcore/submodules/Page/routes/api.php[0m:[37m21[0m [31mPhanUndeclaredClassMethod[0m Call to method [93mpost[0m from undeclared class [32m\Route[0m
[96mcore/submodules/Page/routes/api.php[0m:[37m22[0m [31mPhanUndeclaredClassMethod[0m Call to method [93mdelete[0m from undeclared class [32m\Route[0m
[96mcore/submodules/Page/routes/api.php[0m:[37m26[0m [31mPhanUndeclaredClassMethod[0m Call to method [93mpost[0m from undeclared class [32m\Route[0m
[96mcore/submodules/Page/routes/api.php[0m:[37m33[0m [31mPhanUndeclaredClassMethod[0m Call to method [93mpost[0m from undeclared class [32m\Route[0m
[96mcore/submodules/Page/routes/public.php[0m:[37m12[0m [31mPhanUndeclaredClassMethod[0m Call to method [93mget[0m from undeclared class [32m\Route[0m
[96mcore/submodules/Setting/routes/admin.php[0m:[37m3[0m [31mPhanUndeclaredClassMethod[0m Call to method [93mgroup[0m from undeclared class [32m\Route[0m
[96mcore/submodules/Setting/routes/admin.php[0m:[37m5[0m [31mPhanUndeclaredClassMethod[0m Call to method [93mget[0m from undeclared class [32m\Route[0m
[96mcore/submodules/Setting/routes/admin.php[0m:[37m9[0m [31mPhanUndeclaredClassMethod[0m Call to method [93mpost[0m from undeclared class [32m\Route[0m
[96mcore/submodules/Setting/routes/admin.php[0m:[37m12[0m [31mPhanUndeclaredClassMethod[0m Call to method [93mgroup[0m from undeclared class [32m\Route[0m
[96mcore/submodules/Setting/routes/admin.php[0m:[37m14[0m [31mPhanUndeclaredClassMethod[0m Call to method [93mget[0m from undeclared class [32m\Route[0m
[96mcore/submodules/Setting/routes/admin.php[0m:[37m15[0m [31mPhanUndeclaredClassMethod[0m Call to method [93mpost[0m from undeclared class [32m\Route[0m
[96mcore/submodules/Setting/routes/admin.php[0m:[37m18[0m [31mPhanUndeclaredClassMethod[0m Call to method [93mget[0m from undeclared class [32m\Route[0m
[96mcore/submodules/Setting/routes/admin.php[0m:[37m19[0m [31mPhanUndeclaredClassMethod[0m Call to method [93mpost[0m from undeclared class [32m\Route[0m
[96mcore/submodules/Setting/routes/admin.php[0m:[37m23[0m [31mPhanUndeclaredClassMethod[0m Call to method [93mget[0m from undeclared class [32m\Route[0m
[96mcore/submodules/Setting/routes/admin.php[0m:[37m24[0m [31mPhanUndeclaredClassMethod[0m Call to method [93mpost[0m from undeclared class [32m\Route[0m
[96mcore/submodules/Setting/routes/admin.php[0m:[37m27[0m [31mPhanUndeclaredClassMethod[0m Call to method [93mget[0m from undeclared class [32m\Route[0m
[96mcore/submodules/Setting/routes/admin.php[0m:[37m28[0m [31mPhanUndeclaredClassMethod[0m Call to method [93mpost[0m from undeclared class [32m\Route[0m
[96mcore/submodules/Setting/routes/admin.php[0m:[37m31[0m [31mPhanUndeclaredClassMethod[0m Call to method [93mget[0m from undeclared class [32m\Route[0m
[96mcore/submodules/Setting/routes/admin.php[0m:[37m38[0m [31mPhanUndeclaredClassMethod[0m Call to method [93mget[0m from undeclared class [32m\Route[0m
[96mcore/submodules/Setting/routes/admin.php[0m:[37m39[0m [31mPhanUndeclaredClassMethod[0m Call to method [93mpost[0m from undeclared class [32m\Route[0m
[96mcore/submodules/Setting/routes/admin.php[0m:[37m41[0m [31mPhanUndeclaredClassMethod[0m Call to method [93mget[0m from undeclared class [32m\Route[0m
[96mcore/submodules/Setting/routes/admin.php[0m:[37m42[0m [31mPhanUndeclaredClassMethod[0m Call to method [93mpost[0m from undeclared class [32m\Route[0m
[96mcore/submodules/Setting/routes/admin.php[0m:[37m45[0m [31mPhanUndeclaredClassMethod[0m Call to method [93mpost[0m from undeclared class [32m\Route[0m
[96mcore/submodules/User/Controllers/RegisterController.php[0m:[37m84[0m [31mPhanUndeclaredClassMethod[0m Call to method [93m__construct[0m from undeclared class [32m\User\Models\Activation[0m
[96mcore/submodules/User/Controllers/RegisterController.php[0m:[37m86[0m [31mPhanUndeclaredClassMethod[0m Call to method [93muser[0m from undeclared class [32m\User\Models\Activation[0m
[96mcore/submodules/User/Controllers/RegisterController.php[0m:[37m87[0m [31mPhanUndeclaredClassMethod[0m Call to method [93msave[0m from undeclared class [32m\User\Models\Activation[0m
[96mcore/submodules/User/Controllers/Resources/UserResourceAdminTrait.php[0m:[37m64[0m [31mPhanUndeclaredClassMethod[0m Call to method [93mattach[0m from undeclared class [32m\Role\Support\Relations\Illuminate\Database\Eloquent\Model[0m
[96mcore/submodules/User/Controllers/Resources/UserResourceAdminTrait.php[0m:[37m68[0m [31mPhanUndeclaredClassMethod[0m Call to method [93mcreate[0m from undeclared class [32m\User\Support\Relations\Illuminate\Database\Eloquent\Model[0m
[96mcore/submodules/User/Controllers/Resources/UserResourceApiTrait.php[0m:[37m113[0m [31mPhanUndeclaredClassMethod[0m Call to method [93mcreate[0m from undeclared class [32m\User\Support\Relations\Illuminate\Database\Eloquent\Model[0m
[96mcore/submodules/User/Controllers/Resources/UserResourceExportTrait.php[0m:[37m18[0m [31mPhanUndeclaredClassMethod[0m Call to method [93mexportOrFail[0m from undeclared class [32m\User\Controllers\Resources\User[0m
[96mcore/submodules/User/Support/Traits/HasOneActivation.php[0m:[37m16[0m [31mPhanUndeclaredClassConstant[0m Reference to constant [91mclass[0m from undeclared class [32m\User\Models\Activation[0m
[96mcore/submodules/User/routes/admin.php[0m:[37m20[0m [31mPhanUndeclaredClassMethod[0m Call to method [93msoftDeletes[0m from undeclared class [32m\Route[0m
[96mcore/submodules/User/routes/admin.php[0m:[37m22[0m [31mPhanUndeclaredClassMethod[0m Call to method [93mresource[0m from undeclared class [32m\Route[0m
[96mcore/submodules/User/routes/api.php[0m:[37m12[0m [31mPhanUndeclaredClassMethod[0m Call to method [93mgroup[0m from undeclared class [32m\Route[0m
[96mcore/submodules/User/routes/api.php[0m:[37m13[0m [31mPhanUndeclaredClassMethod[0m Call to method [93mget[0m from undeclared class [32m\Route[0m
[96mcore/submodules/User/routes/api.php[0m:[37m14[0m [31mPhanUndeclaredClassMethod[0m Call to method [93mget[0m from undeclared class [32m\Route[0m
[96mcore/submodules/User/routes/api.php[0m:[37m15[0m [31mPhanUndeclaredClassMethod[0m Call to method [93mget[0m from undeclared class [32m\Route[0m
[96mcore/submodules/User/routes/api.php[0m:[37m16[0m [31mPhanUndeclaredClassMethod[0m Call to method [93mget[0m from undeclared class [32m\Route[0m
[96mcore/submodules/User/routes/api.php[0m:[37m17[0m [31mPhanUndeclaredClassMethod[0m Call to method [93mpost[0m from undeclared class [32m\Route[0m
[96mcore/submodules/User/routes/api.php[0m:[37m18[0m [31mPhanUndeclaredClassMethod[0m Call to method [93mpost[0m from undeclared class [32m\Route[0m
[96mcore/submodules/User/routes/api.php[0m:[37m19[0m [31mPhanUndeclaredClassMethod[0m Call to method [93mdelete[0m from undeclared class [32m\Route[0m
[96mcore/submodules/User/routes/web.php[0m:[37m10[0m [31mPhanUndeclaredClassMethod[0m Call to method [93mget[0m from undeclared class [32m\Route[0m
[96mcore/submodules/User/routes/web.php[0m:[37m11[0m [31mPhanUndeclaredClassMethod[0m Call to method [93mpost[0m from undeclared class [32m\Route[0m
[96mcore/submodules/User/routes/web.php[0m:[37m13[0m [31mPhanUndeclaredClassMethod[0m Call to method [93mget[0m from undeclared class [32m\Route[0m
[96mcore/submodules/User/routes/web.php[0m:[37m14[0m [31mPhanUndeclaredClassMethod[0m Call to method [93mpost[0m from undeclared class [32m\Route[0m
[96mcore/submodules/User/routes/web.php[0m:[37m16[0m [31mPhanUndeclaredClassMethod[0m Call to method [93mget[0m from undeclared class [32m\Route[0m
[96mcore/submodules/User/routes/web.php[0m:[37m17[0m [31mPhanUndeclaredClassMethod[0m Call to method [93mget[0m from undeclared class [32m\Route[0m
[96mcore/submodules/User/routes/web.php[0m:[37m18[0m [31mPhanUndeclaredClassMethod[0m Call to method [93mpost[0m from undeclared class [32m\Route[0m
[96mcore/submodules/User/routes/web.php[0m:[37m28[0m [31mPhanUndeclaredClassMethod[0m Call to method [93mgroup[0m from undeclared class [32m\Route[0m
[96mcore/submodules/User/routes/web.php[0m:[37m29[0m [31mPhanUndeclaredClassMethod[0m Call to method [93mget[0m from undeclared class [32m\Route[0m
[96mcore/submodules/User/routes/web.php[0m:[37m31[0m [31mPhanUndeclaredClassMethod[0m Call to method [93mget[0m from undeclared class [32m\Route[0m
[96mcore/submodules/User/routes/web.php[0m:[37m32[0m [31mPhanUndeclaredClassMethod[0m Call to method [93mpost[0m from undeclared class [32m\Route[0m
[96mcore/submodules/User/routes/web.php[0m:[37m34[0m [31mPhanUndeclaredClassMethod[0m Call to method [93mget[0m from undeclared class [32m\Route[0m
[96mcore/submodules/User/routes/web.php[0m:[37m35[0m [31mPhanUndeclaredClassMethod[0m Call to method [93mpost[0m from undeclared class [32m\Route[0m
[96mcore/submodules/User/submodules/Profile/routes/admin.php[0m:[37m12[0m [31mPhanUndeclaredClassMethod[0m Call to method [93mgroup[0m from undeclared class [32m\Route[0m
[96mcore/submodules/User/submodules/Profile/routes/admin.php[0m:[37m14[0m [31mPhanUndeclaredClassMethod[0m Call to method [93mget[0m from undeclared class [32m\Route[0m
[96mcore/submodules/User/submodules/Profile/routes/admin.php[0m:[37m15[0m [31mPhanUndeclaredClassMethod[0m Call to method [93mput[0m from undeclared class [32m\Route[0m
[96mcore/submodules/User/submodules/Profile/routes/admin.php[0m:[37m17[0m [31mPhanUndeclaredClassMethod[0m Call to method [93mget[0m from undeclared class [32m\Route[0m
[96mcore/submodules/User/submodules/Profile/routes/admin.php[0m:[37m18[0m [31mPhanUndeclaredClassMethod[0m Call to method [93mput[0m from undeclared class [32m\Route[0m
[96mcore/submodules/User/submodules/Profile/routes/admin.php[0m:[37m21[0m [31mPhanUndeclaredClassMethod[0m Call to method [93mget[0m from undeclared class [32m\Route[0m
[96mcore/submodules/User/submodules/Profile/routes/admin.php[0m:[37m26[0m [31mPhanUndeclaredClassMethod[0m Call to method [93mget[0m from undeclared class [32m\Route[0m
[96mcore/submodules/User/submodules/Profile/routes/admin.php[0m:[37m27[0m [31mPhanUndeclaredClassMethod[0m Call to method [93mget[0m from undeclared class [32m\Route[0m
[96mcore/submodules/User/submodules/Profile/routes/admin.php[0m:[37m28[0m [31mPhanUndeclaredClassMethod[0m Call to method [93mput[0m from undeclared class [32m\Route[0m
[96mcore/submodules/User/submodules/Profile/routes/api.php[0m:[37m10[0m [31mPhanUndeclaredClassMethod[0m Call to method [93mgroup[0m from undeclared class [32m\Route[0m
[96mcore/submodules/User/submodules/Profile/routes/api.php[0m:[37m11[0m [31mPhanUndeclaredClassMethod[0m Call to method [93mget[0m from undeclared class [32m\Route[0m
[96mcore/submodules/User/submodules/Profile/routes/api.php[0m:[37m12[0m [31mPhanUndeclaredClassMethod[0m Call to method [93mpost[0m from undeclared class [32m\Route[0m
[96mcore/submodules/User/submodules/Profile/routes/web.php[0m:[37m12[0m [31mPhanUndeclaredClassMethod[0m Call to method [93mget[0m from undeclared class [32m\Route[0m
[96mcore/submodules/User/submodules/Role/API/Controllers/GrantController.php[0m:[37m26[0m [31mPhanUndeclaredClassMethod[0m Call to method [93msearch[0m from undeclared class [32m\Role\Models\Grant[0m
[96mcore/submodules/User/submodules/Role/API/Controllers/GrantController.php[0m:[37m49[0m [31mPhanUndeclaredClassMethod[0m Call to method [93msearch[0m from undeclared class [32m\Role\Models\Grant[0m
[96mcore/submodules/User/submodules/Role/API/Controllers/GrantController.php[0m:[37m85[0m [31mPhanUndeclaredClassMethod[0m Call to method [93mfindOrFail[0m from undeclared class [32m\Role\Models\Grant[0m
[96mcore/submodules/User/submodules/Role/API/Controllers/GrantController.php[0m:[37m99[0m [31mPhanUndeclaredClassMethod[0m Call to method [93mfindOrFail[0m from undeclared class [32m\Role\Models\Grant[0m
[96mcore/submodules/User/submodules/Role/API/Controllers/GrantController.php[0m:[37m101[0m [31mPhanUndeclaredClassMethod[0m Call to method [93m__construct[0m from undeclared class [32m\Role\Models\Grant[0m
[96mcore/submodules/User/submodules/Role/API/Controllers/GrantController.php[0m:[37m105[0m [31mPhanUndeclaredClassMethod[0m Call to method [93msave[0m from undeclared class [32m\Role\Models\Grant[0m
[96mcore/submodules/User/submodules/Role/API/Controllers/GrantController.php[0m:[37m106[0m [31mPhanUndeclaredClassMethod[0m Call to method [93mpermissions[0m from undeclared class [32m\Role\Models\Grant[0m
[96mcore/submodules/User/submodules/Role/API/Controllers/PermissionRefreshController.php[0m:[37m31[0m [31mPhanUndeclaredClassCatch[0m Catching undeclared class [32m\Role\API\Controllers\Exception[0m ([37mDid you mean class \Exception[0m)
[96mcore/submodules/User/submodules/Role/API/Controllers/PermissionRefreshController.php[0m:[37m32[0m [31mPhanUndeclaredClassMethod[0m Call to method [93mgetMessage[0m from undeclared class [32m\Role\API\Controllers\Exception[0m ([37mDid you mean class \Exception[0m)
[96mcore/submodules/User/submodules/Role/API/Controllers/RoleController.php[0m:[37m84[0m [31mPhanUndeclaredClassMethod[0m Call to method [93mpluck[0m from undeclared class [32m\Role\Models\Grant[0m
[96mcore/submodules/User/submodules/Role/API/routes/api.php[0m:[37m3[0m [31mPhanUndeclaredClassMethod[0m Call to method [93mdelete[0m from undeclared class [32m\Route[0m
[96mcore/submodules/User/submodules/Role/API/routes/api.php[0m:[37m4[0m [31mPhanUndeclaredClassMethod[0m Call to method [93mdelete[0m from undeclared class [32m\Route[0m
[96mcore/submodules/User/submodules/Role/API/routes/api.php[0m:[37m5[0m [31mPhanUndeclaredClassMethod[0m Call to method [93mget[0m from undeclared class [32m\Route[0m
[96mcore/submodules/User/submodules/Role/API/routes/api.php[0m:[37m6[0m [31mPhanUndeclaredClassMethod[0m Call to method [93mget[0m from undeclared class [32m\Route[0m
[96mcore/submodules/User/submodules/Role/API/routes/api.php[0m:[37m7[0m [31mPhanUndeclaredClassMethod[0m Call to method [93mget[0m from undeclared class [32m\Route[0m
[96mcore/submodules/User/submodules/Role/API/routes/api.php[0m:[37m8[0m [31mPhanUndeclaredClassMethod[0m Call to method [93mpost[0m from undeclared class [32m\Route[0m
[96mcore/submodules/User/submodules/Role/API/routes/api.php[0m:[37m9[0m [31mPhanUndeclaredClassMethod[0m Call to method [93mpost[0m from undeclared class [32m\Route[0m
[96mcore/submodules/User/submodules/Role/API/routes/api.php[0m:[37m10[0m [31mPhanUndeclaredClassMethod[0m Call to method [93mpost[0m from undeclared class [32m\Route[0m
[96mcore/submodules/User/submodules/Role/API/routes/api.php[0m:[37m12[0m [31mPhanUndeclaredClassMethod[0m Call to method [93mdelete[0m from undeclared class [32m\Route[0m
[96mcore/submodules/User/submodules/Role/API/routes/api.php[0m:[37m13[0m [31mPhanUndeclaredClassMethod[0m Call to method [93mget[0m from undeclared class [32m\Route[0m
[96mcore/submodules/User/submodules/Role/API/routes/api.php[0m:[37m14[0m [31mPhanUndeclaredClassMethod[0m Call to method [93mget[0m from undeclared class [32m\Route[0m
[96mcore/submodules/User/submodules/Role/API/routes/api.php[0m:[37m15[0m [31mPhanUndeclaredClassMethod[0m Call to method [93mget[0m from undeclared class [32m\Route[0m
[96mcore/submodules/User/submodules/Role/API/routes/api.php[0m:[37m16[0m [31mPhanUndeclaredClassMethod[0m Call to method [93mpost[0m from undeclared class [32m\Route[0m
[96mcore/submodules/User/submodules/Role/API/routes/api.php[0m:[37m17[0m [31mPhanUndeclaredClassMethod[0m Call to method [93mpost[0m from undeclared class [32m\Route[0m
[96mcore/submodules/User/submodules/Role/API/routes/api.php[0m:[37m19[0m [31mPhanUndeclaredClassMethod[0m Call to method [93mget[0m from undeclared class [32m\Route[0m
[96mcore/submodules/User/submodules/Role/API/routes/api.php[0m:[37m20[0m [31mPhanUndeclaredClassMethod[0m Call to method [93mget[0m from undeclared class [32m\Route[0m
[96mcore/submodules/User/submodules/Role/Controllers/GrantController.php[0m:[37m22[0m [31mPhanUndeclaredClassMethod[0m Call to method [93mpaginate[0m from undeclared class [32m\Role\Models\Grant[0m
[96mcore/submodules/User/submodules/Role/Controllers/GrantController.php[0m:[37m48[0m [31mPhanUndeclaredClassMethod[0m Call to method [93m__construct[0m from undeclared class [32m\Role\Models\Grant[0m
[96mcore/submodules/User/submodules/Role/Controllers/GrantController.php[0m:[37m52[0m [31mPhanUndeclaredClassMethod[0m Call to method [93msave[0m from undeclared class [32m\Role\Models\Grant[0m
[96mcore/submodules/User/submodules/Role/Controllers/GrantController.php[0m:[37m54[0m [31mPhanUndeclaredClassMethod[0m Call to method [93mpermissions[0m from undeclared class [32m\Role\Models\Grant[0m
[96mcore/submodules/User/submodules/Role/Controllers/GrantController.php[0m:[37m68[0m [31mPhanUndeclaredClassMethod[0m Call to method [93mfindOrFail[0m from undeclared class [32m\Role\Models\Grant[0m
[96mcore/submodules/User/submodules/Role/Controllers/GrantController.php[0m:[37m83[0m [31mPhanUndeclaredClassMethod[0m Call to method [93mfindOrFail[0m from undeclared class [32m\Role\Models\Grant[0m
[96mcore/submodules/User/submodules/Role/Controllers/GrantController.php[0m:[37m103[0m [31mPhanUndeclaredClassMethod[0m Call to method [93mfindOrFail[0m from undeclared class [32m\Role\Models\Grant[0m
[96mcore/submodules/User/submodules/Role/Controllers/GrantController.php[0m:[37m117[0m [31mPhanUndeclaredClassMethod[0m Call to method [93mfindOrFail[0m from undeclared class [32m\Role\Models\Grant[0m
[96mcore/submodules/User/submodules/Role/Controllers/GrantController.php[0m:[37m130[0m [31mPhanUndeclaredClassMethod[0m Call to method [93monlyTrashed[0m from undeclared class [32m\Role\Models\Grant[0m
[96mcore/submodules/User/submodules/Role/Controllers/GrantController.php[0m:[37m144[0m [31mPhanUndeclaredClassMethod[0m Call to method [93monlyTrashed[0m from undeclared class [32m\Role\Models\Grant[0m
[96mcore/submodules/User/submodules/Role/Controllers/GrantController.php[0m:[37m158[0m [31mPhanUndeclaredClassMethod[0m Call to method [93mwithTrashed[0m from undeclared class [32m\Role\Models\Grant[0m
[96mcore/submodules/User/submodules/Role/Controllers/GrantController.php[0m:[37m172[0m [31mPhanUndeclaredClassMethod[0m Call to method [93mfindOrFail[0m from undeclared class [32m\Role\Models\Grant[0m
[96mcore/submodules/User/submodules/Role/Controllers/GrantController.php[0m:[37m174[0m [31mPhanUndeclaredClassMethod[0m Call to method [93mcreate[0m from undeclared class [32m\Role\Models\Grant[0m
[96mcore/submodules/User/submodules/Role/Controllers/GrantManyController.php[0m:[37m22[0m [31mPhanUndeclaredClassMethod[0m Call to method [93monlyTrashed[0m from undeclared class [32m\Role\Models\Grant[0m
[96mcore/submodules/User/submodules/Role/Controllers/GrantManyController.php[0m:[37m38[0m [31mPhanUndeclaredClassMethod[0m Call to method [93mfindOrFail[0m from undeclared class [32m\Role\Models\Grant[0m
[96mcore/submodules/User/submodules/Role/Controllers/GrantManyController.php[0m:[37m54[0m [31mPhanUndeclaredClassMethod[0m Call to method [93mwithTrashed[0m from undeclared class [32m\Role\Models\Grant[0m
[96mcore/submodules/User/submodules/Role/Controllers/GrantRefreshController.php[0m:[37m21[0m [31mPhanUndeclaredClassMethod[0m Call to method [93mpaginate[0m from undeclared class [32m\Role\Models\Grant[0m
[96mcore/submodules/User/submodules/Role/Controllers/GrantRefreshController.php[0m:[37m54[0m [31mPhanUndeclaredClassMethod[0m Call to method [93mupdateOrCreate[0m from undeclared class [32m\Role\Models\Grant[0m
[96mcore/submodules/User/submodules/Role/Controllers/GrantRefreshController.php[0m:[37m70[0m [31mPhanUndeclaredClassCatch[0m Catching undeclared class [32m\Role\Controllers\Exception[0m ([37mDid you mean class \Exception[0m)
[96mcore/submodules/User/submodules/Role/Controllers/GrantRefreshController.php[0m:[37m72[0m [31mPhanUndeclaredClassMethod[0m Call to method [93mgetMessage[0m from undeclared class [32m\Role\Controllers\Exception[0m ([37mDid you mean class \Exception[0m)
[96mcore/submodules/User/submodules/Role/Controllers/PermissionRefreshController.php[0m:[37m60[0m [31mPhanUndeclaredClassCatch[0m Catching undeclared class [32m\Role\Controllers\Exception[0m ([37mDid you mean class \Exception[0m)
[96mcore/submodules/User/submodules/Role/Controllers/PermissionRefreshController.php[0m:[37m62[0m [31mPhanUndeclaredClassMethod[0m Call to method [93mgetMessage[0m from undeclared class [32m\Role\Controllers\Exception[0m ([37mDid you mean class \Exception[0m)
[96mcore/submodules/User/submodules/Role/Controllers/PermissionRefreshController.php[0m:[37m107[0m [31mPhanUndeclaredClassMethod[0m Call to method [93mstatement[0m from undeclared class [32m\DB[0m
[96mcore/submodules/User/submodules/Role/Controllers/PermissionRefreshController.php[0m:[37m108[0m [31mPhanUndeclaredClassMethod[0m Call to method [93mtable[0m from undeclared class [32m\DB[0m
[96mcore/submodules/User/submodules/Role/Controllers/PermissionRefreshController.php[0m:[37m110[0m [31mPhanUndeclaredClassMethod[0m Call to method [93mstatement[0m from undeclared class [32m\DB[0m
[96mcore/submodules/User/submodules/Role/Controllers/RoleController.php[0m:[37m70[0m [31mPhanUndeclaredClassMethod[0m Call to method [93mpluck[0m from undeclared class [32m\Role\Controllers\Grant[0m
[96mcore/submodules/User/submodules/Role/Middleware/AuthenticateUserPermission.php[0m:[37m64[0m [31mPhanUndeclaredClassMethod[0m Call to method [93misRoot[0m from undeclared class [32m\Role\Middleware\User\Models\User[0m
[96mcore/submodules/User/submodules/Role/Middleware/AuthenticateUserPermission.php[0m:[37m69[0m [31mPhanUndeclaredClassMethod[0m Call to method [93mcan[0m from undeclared class [32m\Role\Middleware\User\Models\User[0m
[96mcore/submodules/User/submodules/Role/Support/Relations/BelongsToManyRoles.php[0m:[37m78[0m [31mPhanUndeclaredClassMethod[0m Call to method [93mwhere[0m from undeclared class [32m\Role\Support\Relations\Illuminate\Database\Eloquent\Model[0m
[96mcore/submodules/User/submodules/Role/database/seeds/.GrantsTableSeeder.php[0m:[37m7[0m [31mPhanUndeclaredExtendedClass[0m Class extends undeclared class [32m\Phinx\Seed\AbstractSeed[0m
[96mcore/submodules/User/submodules/Role/database/seeds/.GrantsTableSeeder.php[0m:[37m32[0m [31mPhanUndeclaredClassMethod[0m Call to method [93mupdateOrCreate[0m from undeclared class [32m\Role\Models\Grant[0m
[96mcore/submodules/User/submodules/Role/database/seeds/.PermissionsTableSeeder.php[0m:[37m6[0m [31mPhanUndeclaredExtendedClass[0m Class extends undeclared class [32m\Phinx\Seed\AbstractSeed[0m
[96mcore/submodules/User/submodules/Role/routes/admin.php[0m:[37m5[0m [31mPhanUndeclaredClassMethod[0m Call to method [93mgroup[0m from undeclared class [32m\Route[0m
[96mcore/submodules/User/submodules/Role/routes/admin.php[0m:[37m6[0m [31mPhanUndeclaredClassMethod[0m Call to method [93mget[0m from undeclared class [32m\Route[0m
[96mcore/submodules/User/submodules/Role/routes/admin.php[0m:[37m10[0m [31mPhanUndeclaredClassMethod[0m Call to method [93mget[0m from undeclared class [32m\Route[0m
[96mcore/submodules/User/submodules/Role/routes/admin.php[0m:[37m26[0m [31mPhanUndeclaredClassMethod[0m Call to method [93msoftDeletes[0m from undeclared class [32m\Route[0m
[96mcore/submodules/User/submodules/Role/routes/admin.php[0m:[37m27[0m [31mPhanUndeclaredClassMethod[0m Call to method [93mresource[0m from undeclared class [32m\Route[0m
[96mcore/submodules/User/submodules/Role/routes/admin.php[0m:[37m33[0m [31mPhanUndeclaredClassMethod[0m Call to method [93mdelete[0m from undeclared class [32m\Route[0m
[96mcore/submodules/User/submodules/Role/routes/admin.php[0m:[37m34[0m [31mPhanUndeclaredClassMethod[0m Call to method [93mdelete[0m from undeclared class [32m\Route[0m
[96mcore/submodules/User/submodules/Role/routes/admin.php[0m:[37m35[0m [31mPhanUndeclaredClassMethod[0m Call to method [93mdelete[0m from undeclared class [32m\Route[0m
[96mcore/submodules/User/submodules/Role/routes/admin.php[0m:[37m36[0m [31mPhanUndeclaredClassMethod[0m Call to method [93mget[0m from undeclared class [32m\Route[0m
[96mcore/submodules/User/submodules/Role/routes/admin.php[0m:[37m37[0m [31mPhanUndeclaredClassMethod[0m Call to method [93mget[0m from undeclared class [32m\Route[0m
[96mcore/submodules/User/submodules/Role/routes/admin.php[0m:[37m38[0m [31mPhanUndeclaredClassMethod[0m Call to method [93mpost[0m from undeclared class [32m\Route[0m
[96mcore/submodules/User/submodules/Role/routes/admin.php[0m:[37m39[0m [31mPhanUndeclaredClassMethod[0m Call to method [93mpost[0m from undeclared class [32m\Route[0m
[96mcore/submodules/User/submodules/Role/routes/admin.php[0m:[37m40[0m [31mPhanUndeclaredClassMethod[0m Call to method [93mpost[0m from undeclared class [32m\Route[0m
[96mcore/submodules/User/submodules/Role/routes/admin.php[0m:[37m41[0m [31mPhanUndeclaredClassMethod[0m Call to method [93mresource[0m from undeclared class [32m\Route[0m
[96mcore/submodules/User/submodules/Role/routes/admin.php[0m:[37m47[0m [31mPhanUndeclaredClassMethod[0m Call to method [93mget[0m from undeclared class [32m\Route[0m
[96mcore/submodules/User/submodules/Role/routes/admin.php[0m:[37m48[0m [31mPhanUndeclaredClassMethod[0m Call to method [93mpost[0m from undeclared class [32m\Route[0m
[96mcore/submodules/User/submodules/Role/routes/admin.php[0m:[37m49[0m [31mPhanUndeclaredClassMethod[0m Call to method [93mpost[0m from undeclared class [32m\Route[0m
[96mcore/submodules/User/submodules/Role/routes/admin.php[0m:[37m51[0m [31mPhanUndeclaredClassMethod[0m Call to method [93mget[0m from undeclared class [32m\Route[0m
[96mcore/submodules/User/tests/Feature/ClientFeatureTest.php[0m:[37m29[0m [31mPhanUndeclaredClassMethod[0m Call to method [93mcreate[0m from undeclared class [32m\Tests\Support\Test\Repository[0m
[96mcore/submodules/User/tests/Feature/ClientFeatureTest.php[0m:[37m74[0m [31mPhanUndeclaredClassMethod[0m Call to method [93massertStatus[0m from undeclared class [32m\Illuminate\Foundation\Testing\TestResponse[0m
[96mcore/submodules/User/tests/Feature/ClientFeatureTest.php[0m:[37m78[0m [31mPhanUndeclaredClassMethod[0m Call to method [93massertStatus[0m from undeclared class [32m\Illuminate\Foundation\Testing\TestResponse[0m
[96mcore/submodules/User/tests/Feature/ClientFeatureTest.php[0m:[37m90[0m [31mPhanUndeclaredClassMethod[0m Call to method [93mcreate[0m from undeclared class [32m\Tests\Support\Test\Repository[0m
[96mcore/submodules/User/tests/Unit/UserUnitTest.php[0m:[37m32[0m [31mPhanUndeclaredClassMethod[0m Call to method [93mcreate[0m from undeclared class [32m\Tests\Support\Test\Repository[0m
[96mmodules/Announcement/Controllers/AnnouncementController.php[0m:[37m78[0m [31mPhanUndeclaredClassMethod[0m Call to method [93massociate[0m from undeclared class [32m\User\Support\Traits\Illuminate\Database\Eloquent\Model[0m
[96mmodules/Announcement/Support/Traits/AnnouncementResourceApiTrait.php[0m:[37m104[0m [31mPhanUndeclaredClassMethod[0m Call to method [93massociate[0m from undeclared class [32m\User\Support\Traits\Illuminate\Database\Eloquent\Model[0m
[96mmodules/Announcement/Support/Traits/AnnouncementResourceApiTrait.php[0m:[37m104[0m [31mPhanUndeclaredClassMethod[0m Call to method [93mfind[0m from undeclared class [32m\Announcement\Support\Traits\User[0m
[96mmodules/Announcement/Support/Traits/AnnouncementResourceApiTrait.php[0m:[37m140[0m [31mPhanUndeclaredClassMethod[0m Call to method [93mfind[0m from undeclared class [32m\Announcement\Support\Traits\User[0m
[96mmodules/Announcement/routes/admin.php[0m:[37m23[0m [31mPhanUndeclaredClassMethod[0m Call to method [93mresource[0m from undeclared class [32m\Route[0m
[96mmodules/Announcement/routes/admin.php[0m:[37m29[0m [31mPhanUndeclaredClassMethod[0m Call to method [93mget[0m from undeclared class [32m\Route[0m
[96mmodules/Announcement/routes/admin.php[0m:[37m32[0m [31mPhanUndeclaredClassMethod[0m Call to method [93mpatch[0m from undeclared class [32m\Route[0m
[96mmodules/Announcement/routes/admin.php[0m:[37m35[0m [31mPhanUndeclaredClassMethod[0m Call to method [93mdelete[0m from undeclared class [32m\Route[0m
[96mmodules/Announcement/routes/admin.php[0m:[37m38[0m [31mPhanUndeclaredClassMethod[0m Call to method [93mresource[0m from undeclared class [32m\Route[0m
[96mmodules/Announcement/routes/api.php[0m:[37m12[0m [31mPhanUndeclaredClassMethod[0m Call to method [93mgroup[0m from undeclared class [32m\Route[0m
[96mmodules/Announcement/routes/api.php[0m:[37m13[0m [31mPhanUndeclaredClassMethod[0m Call to method [93mget[0m from undeclared class [32m\Route[0m
[96mmodules/Announcement/routes/api.php[0m:[37m15[0m [31mPhanUndeclaredClassMethod[0m Call to method [93mget[0m from undeclared class [32m\Route[0m
[96mmodules/Announcement/routes/api.php[0m:[37m16[0m [31mPhanUndeclaredClassMethod[0m Call to method [93mget[0m from undeclared class [32m\Route[0m
[96mmodules/Announcement/routes/api.php[0m:[37m18[0m [31mPhanUndeclaredClassMethod[0m Call to method [93mget[0m from undeclared class [32m\Route[0m
[96mmodules/Announcement/routes/public.php[0m:[37m12[0m [31mPhanUndeclaredClassMethod[0m Call to method [93mget[0m from undeclared class [32m\Route[0m
[96mmodules/Announcement/routes/public.php[0m:[37m13[0m [31mPhanUndeclaredClassMethod[0m Call to method [93mget[0m from undeclared class [32m\Route[0m
[96mmodules/Bookmark/routes/admin.php[0m:[37m3[0m [31mPhanUndeclaredClassMethod[0m Call to method [93mresource[0m from undeclared class [32m\Route[0m
[96mmodules/Bookmark/routes/public.php[0m:[37m3[0m [31mPhanUndeclaredClassMethod[0m Call to method [93mresource[0m from undeclared class [32m\Route[0m
[96mmodules/Forum/Controllers/ForumController.php[0m:[37m75[0m [31mPhanUndeclaredClassMethod[0m Call to method [93massociate[0m from undeclared class [32m\User\Support\Traits\Illuminate\Database\Eloquent\Model[0m
[96mmodules/Forum/Controllers/ForumController.php[0m:[37m142[0m [31mPhanUndeclaredClassMethod[0m Call to method [93massociate[0m from undeclared class [32m\User\Support\Traits\Illuminate\Database\Eloquent\Model[0m
[96mmodules/Forum/Controllers/ForumController.php[0m:[37m147[0m [31mPhanUndeclaredClassMethod[0m Call to method [93massociate[0m from undeclared class [32m\User\Support\Traits\Illuminate\Database\Eloquent\Model[0m
[96mmodules/Forum/Support/Traits/CanCommentTrait.php[0m:[37m26[0m [31mPhanUndeclaredClassMethod[0m Call to method [93massociate[0m from undeclared class [32m\User\Support\Traits\Illuminate\Database\Eloquent\Model[0m
[96mmodules/Forum/Support/Traits/ForumResourceApiTrait.php[0m:[37m105[0m [31mPhanUndeclaredClassMethod[0m Call to method [93massociate[0m from undeclared class [32m\User\Support\Traits\Illuminate\Database\Eloquent\Model[0m
[96mmodules/Forum/routes/admin.php[0m:[37m34[0m [31mPhanUndeclaredClassMethod[0m Call to method [93mpost[0m from undeclared class [32m\Route[0m
[96mmodules/Forum/routes/admin.php[0m:[37m37[0m [31mPhanUndeclaredClassMethod[0m Call to method [93mresource[0m from undeclared class [32m\Route[0m
[96mmodules/Forum/routes/admin.php[0m:[37m43[0m [31mPhanUndeclaredClassMethod[0m Call to method [93msoftDeletes[0m from undeclared class [32m\Route[0m
[96mmodules/Forum/routes/admin.php[0m:[37m54[0m [31mPhanUndeclaredClassMethod[0m Call to method [93mresource[0m from undeclared class [32m\Route[0m
[96mmodules/Forum/routes/api.php[0m:[37m12[0m [31mPhanUndeclaredClassMethod[0m Call to method [93mgroup[0m from undeclared class [32m\Route[0m
[96mmodules/Forum/routes/api.php[0m:[37m13[0m [31mPhanUndeclaredClassMethod[0m Call to method [93mget[0m from undeclared class [32m\Route[0m
[96mmodules/Forum/routes/api.php[0m:[37m15[0m [31mPhanUndeclaredClassMethod[0m Call to method [93mget[0m from undeclared class [32m\Route[0m
[96mmodules/Forum/routes/api.php[0m:[37m16[0m [31mPhanUndeclaredClassMethod[0m Call to method [93mget[0m from undeclared class [32m\Route[0m
[96mmodules/Forum/routes/api.php[0m:[37m18[0m [31mPhanUndeclaredClassMethod[0m Call to method [93mget[0m from undeclared class [32m\Route[0m
[96mmodules/Forum/routes/api.php[0m:[37m20[0m [31mPhanUndeclaredClassMethod[0m Call to method [93mdelete[0m from undeclared class [32m\Route[0m
[96mmodules/Test/Controllers/TestController.php[0m:[37m21[0m [31mPhanUndeclaredClassMethod[0m Call to method [93mfirst[0m from undeclared class [32m\Course\Models\Course[0m
[96mmodules/Test/routes/admin.php[0m:[37m24[0m [31mPhanUndeclaredClassMethod[0m Call to method [93mresource[0m from undeclared class [32m\Route[0m
[96mmodules/Test/routes/admin.php[0m:[37m26[0m [31mPhanUndeclaredClassMethod[0m Call to method [93mget[0m from undeclared class [32m\Route[0m
[96mmodules/Test/routes/admin.php[0m:[37m31[0m [31mPhanUndeclaredClassMethod[0m Call to method [93mto[0m from undeclared class [32m\Mail[0m
[96mmodules/Test/routes/admin.php[0m:[37m32[0m [31mPhanUndeclaredClassMethod[0m Call to method [93m__construct[0m from undeclared class [32m\User\Notifications\EmailVerification[0m
[96mmodules/Test/routes/channels.php[0m:[37m3[0m [31mPhanUndeclaredClassMethod[0m Call to method [93mchannel[0m from undeclared class [32m\Broadcast[0m
[96mmodules/Test/routes/channels.php[0m:[37m7[0m [31mPhanUndeclaredClassMethod[0m Call to method [93mchannel[0m from undeclared class [32m\Broadcast[0m
[96mmodules/Test/submodules/Octocat/routes/admin.php[0m:[37m5[0m [31mPhanUndeclaredClassMethod[0m Call to method [93mget[0m from undeclared class [32m\Route[0m
[96mmodules/Test/submodules/Octocat/routes/admin.php[0m:[37m8[0m [31mPhanUndeclaredClassMethod[0m Call to method [93mresource[0m from undeclared class [32m\Route[0m
[96mtests/Support/Test/TestResponse.php[0m:[37m183[0m [31mPhanUndeclaredClassMethod[0m Call to method [93mto[0m from undeclared class [32m\Illuminate\Foundation\Application[0m
[96mtests/Support/Test/TestResponse.php[0m:[37m225[0m [31mPhanUndeclaredClassMethod[0m Call to method [93mdecrypt[0m from undeclared class [32m\Illuminate\Foundation\Application[0m
